TN:
SF:src/App.tsx
FN:29,App
FN:143,handleTableScroll
FN:201,onMove
FN:210,onUp
FN:222,handleSplitterMouseDown
FN:235,handleRepeatRequest
FN:244,handleExportAllHar
FN:248,handleImportHar
FN:252,handleClearTraffic
FN:257,handleSaveRules
FN:261,handleLoadRules
FN:265,handleAddRule
FN:269,handleUpdateRule
FN:277,handleRemoveRule
FN:281,handleHeaderNameChange
FN:287,handleHeaderValueChange
FN:434,handleSaveResponseBody
FN:521,onShowContextMenu
FN:533,onToggleRequest
FN:534,onToggleResponse
FN:535,onToggleResponseBody
FN:536,onTogglePerformance
FN:567,onExportCa
FNF:23
FNH:11
FNDA:88,App
FNDA:0,handleTableScroll
FNDA:0,onMove
FNDA:0,onUp
FNDA:0,handleSplitterMouseDown
FNDA:2,handleRepeatRequest
FNDA:1,handleExportAllHar
FNDA:1,handleImportHar
FNDA:1,handleClearTraffic
FNDA:1,handleSaveRules
FNDA:1,handleLoadRules
FNDA:2,handleAddRule
FNDA:3,handleUpdateRule
FNDA:0,handleRemoveRule
FNDA:0,handleHeaderNameChange
FNDA:8,handleHeaderValueChange
FNDA:1,handleSaveResponseBody
FNDA:0,onShowContextMenu
FNDA:0,onToggleRequest
FNDA:0,onToggleResponse
FNDA:0,onToggleResponseBody
FNDA:0,onTogglePerformance
FNDA:0,onExportCa
DA:1,1
DA:2,1
DA:3,1
DA:4,1
DA:5,1
DA:6,1
DA:7,1
DA:8,1
DA:9,1
DA:10,1
DA:11,1
DA:12,1
DA:24,1
DA:27,1
DA:29,88
DA:30,88
DA:31,88
DA:32,88
DA:33,88
DA:34,88
DA:35,88
DA:36,88
DA:37,88
DA:38,88
DA:39,88
DA:40,88
DA:41,88
DA:42,88
DA:43,88
DA:44,88
DA:45,88
DA:46,88
DA:47,88
DA:48,88
DA:49,88
DA:50,88
DA:52,88
DA:53,11
DA:54,11
DA:55,11
DA:56,11
DA:57,11
DA:59,11
DA:60,11
DA:61,11
DA:62,11
DA:63,11
DA:64,5
DA:65,5
DA:66,11
DA:67,11
DA:69,11
DA:70,11
DA:71,0
DA:72,0
DA:73,0
DA:74,0
DA:75,0
DA:76,11
DA:77,11
DA:79,11
DA:80,11
DA:81,0
DA:82,0
DA:83,11
DA:84,11
DA:86,11
DA:87,11
DA:88,1
DA:89,1
DA:90,1
DA:91,1
DA:92,1
DA:93,1
DA:94,1
DA:95,1
DA:96,1
DA:97,1
DA:98,1
DA:99,1
DA:100,1
DA:101,1
DA:102,1
DA:103,1
DA:104,1
DA:105,1
DA:106,1
DA:107,11
DA:108,11
DA:110,11
DA:111,11
DA:112,0
DA:113,11
DA:114,11
DA:116,11
DA:117,11
DA:118,11
DA:119,11
DA:120,11
DA:121,11
DA:123,11
DA:124,11
DA:125,11
DA:126,11
DA:127,11
DA:128,11
DA:129,88
DA:131,88
DA:132,28
DA:133,17
DA:134,88
DA:136,88
DA:137,26
DA:138,22
DA:139,22
DA:140,22
DA:141,88
DA:143,88
DA:144,0
DA:145,0
DA:146,0
DA:147,0
DA:148,0
DA:149,0
DA:151,88
DA:152,11
DA:153,11
DA:154,11
DA:156,11
DA:157,11
DA:158,11
DA:159,0
DA:160,0
DA:161,11
DA:162,11
DA:164,11
DA:165,11
DA:166,11
DA:167,11
DA:168,11
DA:169,11
DA:170,11
DA:172,11
DA:173,11
DA:174,0
DA:175,11
DA:176,11
DA:178,11
DA:179,11
DA:180,0
DA:181,0
DA:182,0
DA:183,11
DA:184,11
DA:186,11
DA:187,11
DA:188,11
DA:189,11
DA:190,88
DA:192,88
DA:193,16
DA:194,16
DA:195,16
DA:196,16
DA:197,88
DA:199,88
DA:200,11
DA:201,0
DA:202,0
DA:203,0
DA:204,0
DA:205,0
DA:206,0
DA:207,0
DA:208,0
DA:209,0
DA:210,0
DA:211,0
DA:212,0
DA:213,0
DA:214,0
DA:215,0
DA:216,0
DA:217,0
DA:218,0
DA:219,0
DA:220,88
DA:222,88
DA:223,0
DA:224,0
DA:225,0
DA:226,0
DA:227,0
DA:228,0
DA:229,0
DA:230,0
DA:231,0
DA:232,0
DA:233,0
DA:235,88
DA:236,2
DA:237,2
DA:238,2
DA:239,2
DA:240,2
DA:241,2
DA:242,2
DA:244,88
DA:245,1
DA:246,1
DA:248,88
DA:249,1
DA:250,1
DA:252,88
DA:253,1
DA:254,1
DA:255,1
DA:257,88
DA:258,1
DA:259,1
DA:261,88
DA:262,1
DA:263,1
DA:265,88
DA:266,2
DA:267,2
DA:269,88
DA:270,3
DA:271,3
DA:272,3
DA:273,3
DA:274,3
DA:275,3
DA:277,88
DA:278,0
DA:279,0
DA:281,88
DA:282,0
DA:283,0
DA:284,0
DA:285,0
DA:287,88
DA:288,8
DA:289,8
DA:290,8
DA:291,8
DA:292,8
DA:294,88
DA:296,88
DA:297,35
DA:298,35
DA:299,35
DA:300,88
DA:302,88
DA:303,16
DA:304,11
DA:305,11
DA:306,11
DA:307,11
DA:308,5
DA:309,5
DA:310,5
DA:311,3
DA:312,3
DA:313,5
DA:314,5
DA:315,88
DA:317,88
DA:318,26
DA:319,4
DA:320,4
DA:321,8
DA:322,8
DA:323,8
DA:324,8
DA:325,8
DA:326,8
DA:327,8
DA:328,8
DA:329,8
DA:330,8
DA:331,8
DA:332,8
DA:333,8
DA:334,4
DA:335,88
DA:336,88
DA:337,16
DA:338,16
DA:339,16
DA:340,88
DA:341,88
DA:342,16
DA:343,16
DA:344,16
DA:345,88
DA:346,88
DA:347,16
DA:348,16
DA:349,88
DA:350,88
DA:351,16
DA:352,16
DA:353,88
DA:354,88
DA:355,16
DA:356,1
DA:357,88
DA:358,88
DA:359,16
DA:360,0
DA:361,88
DA:362,88
DA:363,16
DA:364,1
DA:365,88
DA:366,88
DA:367,16
DA:368,16
DA:369,88
DA:370,88
DA:371,16
DA:372,16
DA:373,88
DA:374,88
DA:375,16
DA:376,0
DA:377,0
DA:378,0
DA:379,88
DA:380,88
DA:381,12
DA:382,12
DA:383,12
DA:384,0
DA:385,0
DA:386,0
DA:387,12
DA:388,0
DA:389,0
DA:390,1
DA:391,88
DA:392,88
DA:393,11
DA:394,0
DA:395,11
DA:396,0
DA:397,0
DA:398,0
DA:399,0
DA:400,0
DA:401,0
DA:402,88
DA:403,88
DA:404,12
DA:405,0
DA:406,0
DA:407,12
DA:408,88
DA:409,88
DA:410,11
DA:411,0
DA:412,0
DA:413,11
DA:414,88
DA:415,88
DA:416,12
DA:417,12
DA:418,0
DA:419,0
DA:420,1
DA:421,88
DA:422,88
DA:423,12
DA:424,12
DA:425,12
DA:426,12
DA:427,88
DA:428,88
DA:429,12
DA:430,0
DA:431,12
DA:432,88
DA:434,88
DA:435,1
DA:436,1
DA:437,1
DA:438,1
DA:439,1
DA:440,1
DA:441,1
DA:442,1
DA:443,1
DA:444,88
DA:445,16
DA:446,16
DA:447,16
DA:448,16
DA:449,16
DA:450,16
DA:451,16
DA:452,0
DA:453,5
DA:454,1
DA:455,4
DA:456,16
DA:457,16
DA:458,16
DA:459,16
DA:460,0
DA:461,5
DA:462,0
DA:463,5
DA:464,16
DA:465,16
DA:466,16
DA:467,16
DA:468,16
DA:469,16
DA:470,16
DA:471,16
DA:472,16
DA:473,16
DA:474,16
DA:475,16
DA:476,16
DA:477,16
DA:478,16
DA:479,16
DA:480,0
DA:481,5
DA:482,16
DA:483,0
DA:484,5
DA:485,0
DA:486,5
DA:487,16
DA:488,16
DA:489,16
DA:490,16
DA:491,16
DA:492,16
DA:493,16
DA:494,16
DA:495,16
DA:496,16
DA:497,16
DA:498,16
DA:499,16
DA:500,16
DA:501,16
DA:502,16
DA:503,16
DA:504,16
DA:505,16
DA:506,16
DA:507,16
DA:508,88
DA:510,88
DA:511,88
DA:512,88
DA:514,88
DA:515,79
DA:516,79
DA:517,79
DA:518,79
DA:519,79
DA:520,79
DA:521,79
DA:522,79
DA:523,79
DA:524,79
DA:525,79
DA:526,79
DA:527,79
DA:528,79
DA:529,79
DA:530,79
DA:531,79
DA:532,79
DA:533,79
DA:534,79
DA:535,79
DA:536,79
DA:537,79
DA:538,79
DA:539,79
DA:540,79
DA:541,79
DA:542,79
DA:543,79
DA:544,79
DA:545,79
DA:546,79
DA:547,79
DA:548,79
DA:549,79
DA:550,79
DA:551,79
DA:552,79
DA:553,79
DA:554,79
DA:555,79
DA:556,79
DA:557,79
DA:558,79
DA:559,79
DA:560,79
DA:563,88
DA:564,0
DA:565,0
DA:566,0
DA:567,0
DA:568,0
DA:571,88
DA:572,9
DA:573,9
DA:574,9
DA:575,9
DA:576,9
DA:577,9
DA:578,9
DA:579,9
DA:581,88
DA:583,88
DA:585,1
LF:526
LH:436
BRDA:29,0,0,88
BRDA:514,1,0,79
BRDA:563,2,0,0
BRDA:571,3,0,9
BRDA:52,4,0,11
BRDA:60,5,0,11
BRDA:61,6,0,0
BRDA:63,7,0,5
BRDA:87,8,0,1
BRDA:88,9,0,0
BRDA:89,10,0,0
BRDA:89,11,0,1
BRDA:91,12,0,0
BRDA:91,13,0,0
BRDA:93,14,0,1
BRDA:97,15,0,0
BRDA:97,16,0,0
BRDA:99,17,0,0
BRDA:100,18,0,0
BRDA:101,19,0,0
BRDA:117,20,0,11
BRDA:118,21,0,0
BRDA:123,22,0,11
BRDA:131,23,0,28
BRDA:132,24,0,11
BRDA:132,25,0,17
BRDA:136,26,0,26
BRDA:137,27,0,4
BRDA:137,28,0,22
BRDA:139,29,0,0
BRDA:139,30,0,22
BRDA:151,31,0,11
BRDA:157,32,0,11
BRDA:158,33,0,0
BRDA:165,34,0,11
BRDA:186,35,0,11
BRDA:192,36,0,16
BRDA:199,37,0,11
BRDA:200,38,0,0
BRDA:235,39,0,2
BRDA:236,40,0,0
BRDA:244,41,0,1
BRDA:248,42,0,1
BRDA:252,43,0,1
BRDA:257,44,0,1
BRDA:261,45,0,1
BRDA:265,46,0,2
BRDA:266,47,0,2
BRDA:269,48,0,3
BRDA:270,49,0,3
BRDA:287,50,0,8
BRDA:294,51,0,22
BRDA:294,52,0,17
BRDA:294,53,0,6
BRDA:296,54,0,35
BRDA:299,55,0,11
BRDA:302,56,0,16
BRDA:303,57,0,11
BRDA:307,58,0,5
BRDA:310,59,0,3
BRDA:312,60,0,0
BRDA:312,61,0,0
BRDA:317,62,0,26
BRDA:318,63,0,22
BRDA:318,64,0,4
BRDA:320,65,0,8
BRDA:326,66,0,0
BRDA:336,67,0,16
BRDA:337,68,0,11
BRDA:337,69,0,5
BRDA:338,70,0,0
BRDA:341,71,0,16
BRDA:342,72,0,11
BRDA:342,73,0,5
BRDA:343,74,0,0
BRDA:344,75,0,0
BRDA:346,76,0,16
BRDA:347,77,0,11
BRDA:347,78,0,5
BRDA:348,79,0,0
BRDA:350,80,0,16
BRDA:351,81,0,11
BRDA:351,82,0,5
BRDA:352,83,0,0
BRDA:354,84,0,16
BRDA:355,85,0,5
BRDA:355,86,0,15
BRDA:355,87,0,1
BRDA:358,88,0,16
BRDA:359,89,0,5
BRDA:359,90,0,0
BRDA:362,91,0,16
BRDA:363,92,0,5
BRDA:363,93,0,15
BRDA:363,94,0,1
BRDA:366,95,0,16
BRDA:367,96,0,11
BRDA:367,97,0,5
BRDA:368,98,0,4
BRDA:370,99,0,16
BRDA:371,100,0,11
BRDA:371,101,0,5
BRDA:372,102,0,5
BRDA:374,103,0,16
BRDA:375,104,0,5
BRDA:375,105,0,0
BRDA:380,106,0,12
BRDA:381,107,0,11
BRDA:381,108,0,1
BRDA:382,109,0,0
BRDA:382,110,0,1
BRDA:383,111,0,0
BRDA:386,112,0,1
BRDA:387,113,0,0
BRDA:389,114,0,1
BRDA:392,115,0,11
BRDA:393,116,0,0
BRDA:395,117,0,0
BRDA:403,118,0,12
BRDA:404,119,0,0
BRDA:404,120,0,0
BRDA:409,121,0,11
BRDA:410,122,0,0
BRDA:415,123,0,12
BRDA:416,124,0,11
BRDA:416,125,0,1
BRDA:417,126,0,0
BRDA:417,127,0,0
BRDA:419,128,0,1
BRDA:422,129,0,12
BRDA:423,130,0,0
BRDA:424,131,0,0
BRDA:425,132,0,0
BRDA:428,133,0,12
BRDA:429,134,0,0
BRDA:434,135,0,1
BRDA:435,136,0,0
BRDA:437,137,0,0
BRDA:438,138,0,0
BRDA:438,139,0,0
BRDA:444,140,0,16
BRDA:445,141,0,11
BRDA:445,142,0,5
BRDA:446,143,0,0
BRDA:447,144,0,0
BRDA:451,145,0,0
BRDA:452,146,0,5
BRDA:453,147,0,1
BRDA:454,148,0,4
BRDA:457,149,0,0
BRDA:457,150,0,5
BRDA:459,151,0,0
BRDA:460,152,0,5
BRDA:461,153,0,0
BRDA:465,154,0,0
BRDA:465,155,0,5
BRDA:467,156,0,0
BRDA:467,157,0,0
BRDA:467,158,0,5
BRDA:469,159,0,1
BRDA:469,160,0,1
BRDA:469,161,0,4
BRDA:471,162,0,0
BRDA:471,163,0,0
BRDA:471,164,0,5
BRDA:471,165,0,0
BRDA:473,166,0,1
BRDA:473,167,0,1
BRDA:473,168,0,4
BRDA:473,169,0,0
BRDA:474,170,0,5
BRDA:475,171,0,5
BRDA:478,172,0,0
BRDA:478,173,0,0
BRDA:478,174,0,5
BRDA:479,175,0,0
BRDA:480,176,0,5
BRDA:482,177,0,0
BRDA:483,178,0,5
BRDA:484,179,0,1
BRDA:484,180,0,0
BRDA:484,181,0,0
BRDA:488,182,0,0
BRDA:488,183,0,5
BRDA:493,184,0,5
BRDA:497,185,0,5
BRDA:501,186,0,5
BRDA:502,187,0,5
BRDA:503,188,0,5
BRDA:504,189,0,5
BRDA:505,190,0,5
BRDA:506,191,0,4
BRF:192
BRH:128
end_of_record
TN:
SF:src/global.d.ts
FN:1,(empty-report)
FNF:1
FNH:1
FNDA:1,(empty-report)
LF:0
LH:0
BRDA:1,0,0,1
BRF:1
BRH:1
end_of_record
TN:
SF:src/vite-env.d.ts
FN:1,(empty-report)
FNF:1
FNH:1
FNDA:1,(empty-report)
LF:0
LH:0
BRDA:1,0,0,1
BRF:1
BRH:1
end_of_record
TN:
SF:src/features/rules/RulesView.tsx
FN:14,RulesView
FN:60,onChange
FN:71,onChange
FN:85,onClick
FN:98,onChange
FN:118,onChange
FN:133,onChange
FN:152,onClick
FN:173,onChange
FN:187,onChange
FN:201,onClick
FN:222,onChange
FN:250,onChange
FN:270,onClick
FN:291,onChange
FN:305,onChange
FN:319,onClick
FNF:17
FNH:3
FNDA:9,RulesView
FNDA:0,onChange
FNDA:0,onChange
FNDA:0,onClick
FNDA:0,onChange
FNDA:0,onChange
FNDA:0,onChange
FNDA:0,onClick
FNDA:0,onChange
FNDA:0,onChange
FNDA:0,onClick
FNDA:2,onChange
FNDA:0,onChange
FNDA:1,onClick
FNDA:0,onChange
FNDA:0,onChange
FNDA:0,onClick
DA:2,1
DA:14,9
DA:15,9
DA:16,9
DA:17,9
DA:18,9
DA:19,9
DA:20,9
DA:21,9
DA:22,9
DA:23,9
DA:24,9
DA:25,9
DA:26,9
DA:27,9
DA:28,9
DA:30,9
DA:31,9
DA:32,9
DA:33,9
DA:34,9
DA:35,9
DA:36,9
DA:38,9
DA:39,9
DA:40,9
DA:41,9
DA:42,9
DA:43,9
DA:44,9
DA:45,9
DA:47,9
DA:48,9
DA:49,9
DA:50,9
DA:51,9
DA:52,9
DA:53,9
DA:54,6
DA:55,6
DA:56,6
DA:57,6
DA:58,6
DA:59,6
DA:60,6
DA:61,0
DA:62,0
DA:63,0
DA:64,0
DA:66,6
DA:67,6
DA:68,6
DA:69,6
DA:70,6
DA:71,6
DA:72,0
DA:73,0
DA:74,0
DA:75,0
DA:77,6
DA:79,6
DA:80,6
DA:81,6
DA:82,6
DA:83,6
DA:84,6
DA:85,6
DA:87,6
DA:88,6
DA:89,6
DA:90,6
DA:91,6
DA:92,6
DA:93,6
DA:94,6
DA:95,6
DA:96,6
DA:97,6
DA:98,6
DA:99,0
DA:100,0
DA:101,0
DA:102,0
DA:103,0
DA:104,0
DA:106,6
DA:107,60
DA:108,60
DA:109,60
DA:110,6
DA:111,6
DA:112,6
DA:113,6
DA:114,6
DA:115,6
DA:116,6
DA:117,6
DA:118,6
DA:119,0
DA:120,0
DA:121,0
DA:122,0
DA:123,0
DA:124,0
DA:125,6
DA:126,6
DA:127,6
DA:128,6
DA:129,6
DA:130,6
DA:131,6
DA:132,6
DA:133,6
DA:134,0
DA:135,0
DA:136,0
DA:137,0
DA:138,0
DA:139,0
DA:140,6
DA:141,6
DA:142,6
DA:143,6
DA:144,6
DA:145,6
DA:146,6
DA:147,6
DA:148,6
DA:149,6
DA:150,6
DA:151,6
DA:152,6
DA:153,0
DA:154,0
DA:155,0
DA:156,0
DA:157,0
DA:158,0
DA:159,0
DA:162,6
DA:163,6
DA:164,6
DA:165,6
DA:166,6
DA:167,1
DA:168,1
DA:169,1
DA:170,1
DA:171,1
DA:172,1
DA:173,1
DA:174,0
DA:175,0
DA:176,0
DA:177,0
DA:178,0
DA:179,0
DA:180,0
DA:181,1
DA:182,1
DA:183,1
DA:184,1
DA:185,1
DA:186,1
DA:187,1
DA:188,0
DA:189,0
DA:190,0
DA:191,0
DA:192,0
DA:193,0
DA:194,0
DA:195,1
DA:196,1
DA:197,1
DA:198,1
DA:199,1
DA:200,1
DA:201,1
DA:202,0
DA:203,0
DA:204,0
DA:205,0
DA:206,0
DA:207,0
DA:209,1
DA:210,1
DA:211,1
DA:212,6
DA:213,6
DA:214,6
DA:215,6
DA:216,6
DA:217,6
DA:218,6
DA:219,6
DA:220,6
DA:221,6
DA:222,6
DA:223,2
DA:224,2
DA:225,2
DA:226,2
DA:227,2
DA:228,2
DA:229,2
DA:230,2
DA:231,2
DA:232,2
DA:233,2
DA:235,6
DA:236,6
DA:237,6
DA:238,6
DA:239,6
DA:240,6
DA:241,6
DA:242,6
DA:243,6
DA:244,1
DA:245,1
DA:246,1
DA:247,1
DA:248,1
DA:249,1
DA:250,1
DA:251,0
DA:252,0
DA:253,0
DA:254,0
DA:255,0
DA:256,0
DA:257,1
DA:258,1
DA:260,6
DA:261,6
DA:262,2
DA:263,2
DA:264,2
DA:265,2
DA:266,2
DA:267,2
DA:268,2
DA:269,2
DA:270,2
DA:271,1
DA:272,1
DA:273,1
DA:274,1
DA:275,1
DA:276,1
DA:277,1
DA:280,2
DA:281,2
DA:282,2
DA:283,2
DA:284,2
DA:285,1
DA:286,1
DA:287,1
DA:288,1
DA:289,1
DA:290,1
DA:291,1
DA:292,0
DA:293,0
DA:294,0
DA:295,0
DA:296,0
DA:297,0
DA:298,0
DA:299,1
DA:300,1
DA:301,1
DA:302,1
DA:303,1
DA:304,1
DA:305,1
DA:306,0
DA:307,0
DA:308,0
DA:309,0
DA:310,0
DA:311,0
DA:312,0
DA:313,1
DA:314,1
DA:315,1
DA:316,1
DA:317,1
DA:318,1
DA:319,1
DA:320,0
DA:321,0
DA:322,0
DA:323,0
DA:324,0
DA:325,0
DA:327,1
DA:328,1
DA:329,1
DA:330,2
DA:331,2
DA:333,6
DA:334,6
DA:335,9
DA:336,9
DA:337,9
DA:338,9
DA:340,9
DA:342,1
LF:311
LH:232
BRDA:14,0,0,9
BRDA:52,1,0,3
BRDA:53,2,0,6
BRDA:97,3,0,5
BRDA:165,4,0,5
BRDA:243,5,0,1
BRDA:261,6,0,2
BRDA:283,7,0,1
BRDA:106,8,0,60
BRDA:166,9,0,1
BRDA:222,10,0,2
BRDA:224,11,0,2
BRDA:229,12,0,1
BRDA:229,13,0,1
BRDA:230,14,0,1
BRDA:230,15,0,1
BRDA:270,16,0,1
BRDA:271,17,0,1
BRDA:284,18,0,1
BRF:19
BRH:19
end_of_record
TN:
SF:src/features/setup/SetupView.tsx
FN:9,SetupView
FNF:1
FNH:0
FNDA:0,SetupView
DA:9,0
DA:10,0
DA:11,0
DA:12,0
DA:13,0
DA:14,0
DA:15,0
DA:16,0
DA:17,0
DA:18,0
DA:19,0
DA:20,0
DA:21,0
DA:22,0
DA:23,0
DA:24,0
DA:26,0
DA:27,0
DA:28,0
DA:29,0
DA:30,0
DA:31,0
DA:33,0
DA:34,0
DA:37,0
DA:38,0
DA:39,0
DA:40,0
DA:41,0
DA:42,0
DA:43,0
DA:44,0
DA:46,0
DA:47,0
DA:48,0
DA:51,0
DA:52,0
DA:53,0
DA:54,0
DA:55,0
DA:57,0
DA:58,0
DA:59,0
DA:61,0
DA:63,1
LF:45
LH:1
BRF:0
BRH:0
end_of_record
TN:
SF:src/features/sidebar/Sidebar.tsx
FN:9,Sidebar
FN:15,onClick
FN:24,onClick
FN:33,onClick
FNF:4
FNH:2
FNDA:85,Sidebar
FNDA:0,onClick
FNDA:0,onClick
FNDA:3,onClick
DA:2,1
DA:9,85
DA:10,85
DA:11,85
DA:12,85
DA:13,85
DA:14,85
DA:15,85
DA:17,85
DA:18,85
DA:19,85
DA:20,85
DA:21,85
DA:22,85
DA:23,85
DA:24,85
DA:26,85
DA:27,85
DA:28,85
DA:29,85
DA:30,85
DA:31,85
DA:32,85
DA:33,85
DA:35,85
DA:36,85
DA:37,85
DA:38,85
DA:39,85
DA:40,85
DA:42,85
DA:44,1
LF:32
LH:32
BRDA:9,0,0,85
BRDA:14,1,0,76
BRDA:14,2,0,9
BRDA:23,3,0,0
BRDA:32,4,0,9
BRDA:32,5,0,76
BRDA:33,6,0,3
BRF:7
BRH:6
end_of_record
TN:
SF:src/features/traffic/InterceptView.tsx
FN:53,InterceptView
FN:134,onClick
FN:135,onContextMenu
FN:200,onChange
FN:213,onChange
FN:219,onChange
FN:290,onChange
FN:414,onChange
FNF:8
FNH:5
FNDA:76,InterceptView
FNDA:2,onClick
FNDA:0,onContextMenu
FNDA:26,onChange
FNDA:0,onChange
FNDA:8,onChange
FNDA:0,onChange
FNDA:4,onChange
DA:2,1
DA:3,1
DA:53,76
DA:54,76
DA:55,76
DA:56,76
DA:57,76
DA:58,76
DA:59,76
DA:60,76
DA:61,76
DA:62,76
DA:63,76
DA:64,76
DA:65,76
DA:66,76
DA:67,76
DA:68,76
DA:69,76
DA:70,76
DA:71,76
DA:72,76
DA:73,76
DA:74,76
DA:75,76
DA:76,76
DA:77,76
DA:78,76
DA:79,76
DA:80,76
DA:81,76
DA:82,76
DA:83,76
DA:84,76
DA:85,76
DA:86,76
DA:87,76
DA:88,76
DA:89,76
DA:90,76
DA:91,76
DA:92,76
DA:93,76
DA:94,76
DA:95,76
DA:96,76
DA:97,76
DA:98,76
DA:99,76
DA:100,76
DA:101,76
DA:102,76
DA:103,76
DA:104,76
DA:106,76
DA:107,76
DA:108,76
DA:109,76
DA:110,76
DA:111,76
DA:112,76
DA:113,76
DA:114,76
DA:115,76
DA:116,76
DA:117,76
DA:118,76
DA:119,76
DA:120,76
DA:121,76
DA:122,76
DA:123,76
DA:124,28
DA:125,28
DA:126,28
DA:127,28
DA:128,28
DA:130,76
DA:131,50
DA:132,50
DA:133,50
DA:134,50
DA:135,50
DA:136,0
DA:137,0
DA:138,0
DA:140,50
DA:141,50
DA:142,50
DA:143,50
DA:144,50
DA:145,50
DA:146,50
DA:147,50
DA:148,50
DA:149,50
DA:150,76
DA:151,76
DA:152,76
DA:153,76
DA:154,76
DA:156,76
DA:157,76
DA:158,76
DA:159,76
DA:160,76
DA:161,76
DA:162,76
DA:164,76
DA:165,76
DA:166,76
DA:167,48
DA:168,48
DA:169,48
DA:170,48
DA:171,48
DA:172,48
DA:173,48
DA:174,48
DA:175,48
DA:176,48
DA:177,48
DA:178,48
DA:179,48
DA:180,48
DA:181,48
DA:182,48
DA:183,48
DA:185,48
DA:186,48
DA:187,48
DA:188,48
DA:189,48
DA:190,48
DA:191,48
DA:192,48
DA:193,48
DA:194,48
DA:195,48
DA:196,48
DA:197,48
DA:198,48
DA:199,48
DA:200,48
DA:201,48
DA:202,48
DA:203,48
DA:204,48
DA:205,48
DA:206,48
DA:207,48
DA:208,37
DA:209,37
DA:210,37
DA:211,37
DA:212,37
DA:213,37
DA:214,37
DA:215,37
DA:216,37
DA:217,37
DA:218,37
DA:219,37
DA:220,8
DA:222,37
DA:223,37
DA:224,48
DA:225,48
DA:226,48
DA:227,48
DA:228,0
DA:229,0
DA:230,0
DA:231,0
DA:233,48
DA:235,48
DA:236,48
DA:237,48
DA:238,48
DA:239,48
DA:240,48
DA:241,48
DA:242,48
DA:243,48
DA:244,48
DA:245,48
DA:246,48
DA:247,48
DA:248,48
DA:249,48
DA:250,48
DA:251,48
DA:252,48
DA:253,48
DA:254,48
DA:255,48
DA:256,48
DA:257,48
DA:258,2
DA:259,2
DA:260,2
DA:261,2
DA:262,48
DA:263,48
DA:264,48
DA:265,48
DA:267,48
DA:268,48
DA:269,2
DA:270,2
DA:271,2
DA:272,2
DA:273,2
DA:274,2
DA:275,2
DA:276,2
DA:277,2
DA:278,2
DA:279,2
DA:280,2
DA:281,2
DA:282,2
DA:283,2
DA:284,2
DA:285,2
DA:286,0
DA:287,0
DA:288,0
DA:289,0
DA:290,0
DA:291,0
DA:293,0
DA:295,2
DA:296,2
DA:297,2
DA:298,2
DA:299,2
DA:300,2
DA:302,2
DA:303,2
DA:304,2
DA:305,2
DA:306,2
DA:307,0
DA:308,0
DA:309,0
DA:311,2
DA:313,2
DA:314,2
DA:316,2
DA:318,48
DA:319,48
DA:320,48
DA:321,48
DA:322,48
DA:323,48
DA:324,48
DA:325,48
DA:326,48
DA:327,48
DA:328,48
DA:329,48
DA:330,48
DA:331,48
DA:332,48
DA:333,48
DA:334,48
DA:335,48
DA:336,48
DA:337,48
DA:338,48
DA:339,48
DA:340,48
DA:341,48
DA:342,48
DA:343,48
DA:344,48
DA:345,0
DA:346,48
DA:347,48
DA:348,48
DA:349,48
DA:350,48
DA:351,48
DA:352,48
DA:353,48
DA:354,48
DA:355,0
DA:356,48
DA:357,48
DA:358,48
DA:359,48
DA:360,48
DA:361,48
DA:362,48
DA:363,48
DA:364,48
DA:365,48
DA:366,48
DA:367,48
DA:368,48
DA:369,48
DA:370,48
DA:371,48
DA:372,48
DA:373,48
DA:374,48
DA:375,48
DA:376,48
DA:377,48
DA:378,48
DA:379,48
DA:380,48
DA:381,48
DA:382,48
DA:383,48
DA:384,48
DA:385,48
DA:386,48
DA:387,48
DA:388,48
DA:389,48
DA:390,48
DA:391,48
DA:392,48
DA:393,48
DA:394,48
DA:395,48
DA:396,48
DA:397,48
DA:398,48
DA:399,48
DA:400,48
DA:402,48
DA:404,48
DA:405,48
DA:407,76
DA:408,76
DA:409,76
DA:410,76
DA:411,76
DA:412,76
DA:413,76
DA:414,76
DA:415,76
DA:416,76
DA:417,76
DA:418,76
DA:419,76
DA:420,76
DA:421,76
DA:422,76
DA:424,76
DA:425,76
DA:426,76
DA:427,76
DA:428,76
DA:429,76
DA:430,76
DA:431,76
DA:433,76
DA:434,76
DA:435,76
DA:436,76
DA:437,76
DA:438,76
DA:439,76
DA:440,76
DA:442,76
DA:443,76
DA:444,76
DA:445,76
DA:446,76
DA:448,76
DA:450,1
LF:375
LH:356
BRDA:53,0,0,76
BRDA:102,1,0,0
BRDA:123,2,0,28
BRDA:126,3,0,0
BRDA:165,4,0,28
BRDA:166,5,0,48
BRDA:172,6,0,0
BRDA:206,7,0,11
BRDA:227,8,0,0
BRDA:227,9,0,0
BRDA:239,10,0,0
BRDA:244,11,0,0
BRDA:251,12,0,0
BRDA:256,13,0,46
BRDA:268,14,0,2
BRDA:268,15,0,2
BRDA:272,16,0,0
BRDA:285,17,0,0
BRDA:306,18,0,0
BRDA:321,19,0,0
BRDA:344,20,0,0
BRDA:347,21,0,0
BRDA:354,22,0,0
BRDA:357,23,0,2
BRDA:357,24,0,46
BRDA:130,25,0,50
BRDA:133,26,0,44
BRDA:133,27,0,6
BRDA:144,28,0,0
BRDA:134,29,0,2
BRDA:200,30,0,26
BRDA:207,31,0,37
BRDA:219,32,0,8
BRDA:257,33,0,2
BRDA:414,34,0,4
BRF:35
BRH:19
end_of_record
TN:
SF:src/types/index.ts
FN:1,(empty-report)
FNF:1
FNH:1
FNDA:1,(empty-report)
LF:0
LH:0
BRDA:1,0,0,1
BRF:1
BRH:1
end_of_record
TN:
SF:src/utils/body.ts
FN:18,tryPrettyJson
FN:27,prettyPrintHtml
FNF:2
FNH:0
FNDA:0,tryPrettyJson
FNDA:0,prettyPrintHtml
DA:1,1
DA:2,1
DA:3,1
DA:4,1
DA:5,1
DA:6,1
DA:7,1
DA:8,1
DA:9,1
DA:10,1
DA:11,1
DA:12,1
DA:13,1
DA:14,1
DA:15,1
DA:16,1
DA:18,1
DA:19,0
DA:20,0
DA:21,0
DA:22,0
DA:23,0
DA:24,0
DA:25,0
DA:27,1
DA:28,0
DA:29,0
DA:30,0
DA:31,0
DA:32,0
DA:33,0
DA:34,0
DA:35,0
DA:36,0
DA:37,0
DA:38,0
DA:39,0
DA:40,0
DA:41,0
DA:42,0
DA:43,0
DA:44,0
DA:45,0
DA:46,0
DA:47,0
DA:48,0
DA:49,0
DA:51,0
DA:52,0
DA:53,0
DA:54,0
DA:55,0
DA:56,0
DA:57,0
DA:58,0
DA:59,0
DA:60,0
DA:61,0
DA:62,0
DA:63,0
DA:64,0
DA:65,0
DA:66,0
DA:67,0
DA:68,0
DA:69,0
DA:70,0
DA:71,0
DA:72,0
DA:73,0
DA:74,0
DA:75,0
DA:76,0
DA:77,0
DA:78,0
LF:75
LH:18
BRF:0
BRH:0
end_of_record
TN:
SF:src/utils/dom.ts
FN:1,resizeTextarea
FNF:1
FNH:1
FNDA:19,resizeTextarea
DA:1,1
DA:2,19
DA:3,19
DA:4,19
DA:5,19
DA:6,19
DA:7,19
LF:7
LH:7
BRDA:1,0,0,19
BRDA:2,1,0,0
BRDA:5,2,0,0
BRF:3
BRH:1
end_of_record
TN:
SF:src/utils/format.ts
FN:1,bufferPreview
FN:3,formatBytes
FN:12,formatMs
FNF:3
FNH:3
FNDA:23,bufferPreview
FNDA:96,formatBytes
FNDA:48,formatMs
DA:1,1
DA:3,1
DA:4,96
DA:5,2
DA:6,0
DA:7,0
DA:8,0
DA:9,0
DA:10,0
DA:12,1
LF:10
LH:5
BRDA:1,0,0,23
BRDA:1,1,0,0
BRDA:3,2,0,96
BRDA:4,3,0,2
BRDA:4,4,0,94
BRDA:4,5,0,2
BRDA:5,6,0,0
BRDA:12,7,0,48
BRDA:12,8,0,0
BRF:9
BRH:6
end_of_record
TN:
SF:src/utils/http.ts
FN:3,statusTone
FN:10,headersToText
FN:15,headersToList
FN:17,buildEntryUrl
FN:23,getHeaderValue
FN:31,parseContentLength
FN:37,isCompressibleType
FN:48,isJsonContent
FN:50,isHtmlContent
FN:55,isLikelyHtmlBody
FN:60,summarizeCacheability
FNF:11
FNH:10
FNDA:50,statusTone
FNDA:16,headersToText
FNDA:101,headersToList
FNDA:5,buildEntryUrl
FNDA:85,getHeaderValue
FNDA:10,parseContentLength
FNDA:0,isCompressibleType
FNDA:15,isJsonContent
FNDA:1,isHtmlContent
FNDA:1,isLikelyHtmlBody
FNDA:5,summarizeCacheability
DA:3,1
DA:4,50
DA:5,50
DA:6,50
DA:7,50
DA:8,50
DA:10,1
DA:11,16
DA:12,16
DA:13,16
DA:15,1
DA:17,1
DA:18,5
DA:19,5
DA:20,5
DA:21,5
DA:23,1
DA:24,85
DA:25,85
DA:26,85
DA:27,85
DA:28,85
DA:29,85
DA:31,1
DA:32,10
DA:33,10
DA:34,10
DA:35,10
DA:37,1
DA:38,0
DA:39,0
DA:40,0
DA:41,0
DA:42,0
DA:43,0
DA:44,0
DA:46,0
DA:48,1
DA:50,1
DA:51,1
DA:52,1
DA:53,1
DA:55,1
DA:56,1
DA:57,1
DA:58,1
DA:60,1
DA:61,5
DA:62,5
DA:63,5
DA:64,5
DA:65,5
DA:67,5
DA:68,5
DA:69,5
DA:70,5
DA:71,5
DA:72,5
DA:73,5
DA:74,5
DA:75,5
LF:61
LH:53
BRDA:3,0,0,50
BRDA:4,1,0,0
BRDA:5,2,0,0
BRDA:6,3,0,0
BRDA:10,4,0,16
BRDA:15,5,0,101
BRDA:17,6,0,5
BRDA:18,7,0,0
BRDA:19,8,0,0
BRDA:20,9,0,0
BRDA:20,10,0,0
BRDA:23,11,0,85
BRDA:24,12,0,0
BRDA:26,13,0,2
BRDA:26,14,0,83
BRDA:27,15,0,0
BRDA:28,16,0,2
BRDA:28,17,0,83
BRDA:25,18,0,23
BRDA:31,19,0,10
BRDA:34,20,0,0
BRDA:48,21,0,15
BRDA:50,22,0,1
BRDA:55,23,0,1
BRDA:60,24,0,5
BRDA:68,25,0,0
BRDA:69,26,0,0
BRDA:70,27,0,0
BRDA:71,28,0,0
BRDA:72,29,0,0
BRDA:73,30,0,0
BRF:31
BRH:15
end_of_record
TN:
SF:src/utils/rules.ts
FN:5,createRule
FN:22,parseListInput
FNF:2
FNH:1
FNDA:3,createRule
FNDA:0,parseListInput
DA:3,1
DA:5,1
DA:6,3
DA:7,3
DA:8,3
DA:9,3
DA:10,3
DA:11,3
DA:12,3
DA:13,3
DA:14,3
DA:15,3
DA:16,3
DA:17,3
DA:18,3
DA:19,3
DA:20,3
DA:22,1
DA:23,0
DA:24,0
DA:25,0
DA:26,0
DA:27,0
DA:28,0
DA:29,0
DA:30,0
DA:31,0
LF:27
LH:18
BRDA:5,0,0,3
BRF:1
BRH:1
end_of_record
