TN:
SF:src/App.jsx
FN:9,statusTone
FN:16,headersToText
FN:21,buildEntryUrl
FN:27,headersToList
FN:31,createRule
FN:48,parseListInput
FN:59,bufferPreview
FN:61,formatBytes
FN:70,formatMs
FN:72,resizeTextarea
FN:80,getHeaderValue
FN:88,parseContentLength
FN:94,isCompressibleType
FN:105,isJsonContent
FN:106,isHtmlContent
FN:111,isLikelyHtmlBody
FN:133,tryPrettyJson
FN:142,prettyPrintHtml
FN:195,summarizeCacheability
FN:212,App
FN:326,handleTableScroll
FN:384,onMove
FN:393,onUp
FN:405,handleSplitterMouseDown
FN:418,handleRepeatRequest
FN:427,handleExportAllHar
FN:431,handleImportHar
FN:435,handleClearTraffic
FN:440,handleSaveRules
FN:444,handleLoadRules
FN:448,handleAddRule
FN:452,handleUpdateRule
FN:460,handleRemoveRule
FN:464,handleHeaderValueChange
FN:578,handleSaveResponseBody
FN:660,onClick
FN:669,onClick
FN:678,onClick
FN:722,onClick
FN:723,onContextMenu
FN:760,onClick
FN:792,onChange
FN:805,onChange
FN:815,onChange
FN:833,onClick
FN:872,onClick
FN:894,onChange
FN:925,onClick
FN:1022,onChange
FN:1088,onClick
FN:1147,onChange
FN:1158,onChange
FN:1172,onClick
FN:1185,onChange
FN:1205,onChange
FN:1220,onChange
FN:1239,onClick
FN:1260,onChange
FN:1274,onChange
FN:1288,onClick
FN:1309,onChange
FN:1337,onChange
FN:1357,onClick
FN:1378,onChange
FN:1392,onChange
FN:1406,onClick
FNF:66
FNH:33
FNDA:52,statusTone
FNDA:16,headersToText
FNDA:5,buildEntryUrl
FNDA:105,headersToList
FNDA:3,createRule
FNDA:0,parseListInput
FNDA:12,bufferPreview
FNDA:100,formatBytes
FNDA:50,formatMs
FNDA:19,resizeTextarea
FNDA:80,getHeaderValue
FNDA:10,parseContentLength
FNDA:0,isCompressibleType
FNDA:15,isJsonContent
FNDA:1,isHtmlContent
FNDA:1,isLikelyHtmlBody
FNDA:0,tryPrettyJson
FNDA:0,prettyPrintHtml
FNDA:5,summarizeCacheability
FNDA:88,App
FNDA:0,handleTableScroll
FNDA:0,onMove
FNDA:0,onUp
FNDA:0,handleSplitterMouseDown
FNDA:2,handleRepeatRequest
FNDA:1,handleExportAllHar
FNDA:1,handleImportHar
FNDA:1,handleClearTraffic
FNDA:1,handleSaveRules
FNDA:1,handleLoadRules
FNDA:2,handleAddRule
FNDA:3,handleUpdateRule
FNDA:0,handleRemoveRule
FNDA:8,handleHeaderValueChange
FNDA:1,handleSaveResponseBody
FNDA:0,onClick
FNDA:0,onClick
FNDA:3,onClick
FNDA:2,onClick
FNDA:0,onContextMenu
FNDA:0,onClick
FNDA:26,onChange
FNDA:0,onChange
FNDA:8,onChange
FNDA:0,onClick
FNDA:0,onClick
FNDA:0,onChange
FNDA:0,onClick
FNDA:4,onChange
FNDA:0,onClick
FNDA:0,onChange
FNDA:0,onChange
FNDA:0,onClick
FNDA:0,onChange
FNDA:0,onChange
FNDA:0,onChange
FNDA:0,onClick
FNDA:0,onChange
FNDA:0,onChange
FNDA:0,onClick
FNDA:2,onChange
FNDA:0,onChange
FNDA:1,onClick
FNDA:0,onChange
FNDA:0,onChange
FNDA:0,onClick
DA:1,1
DA:2,1
DA:3,1
DA:4,1
DA:5,1
DA:7,1
DA:9,1
DA:10,52
DA:11,52
DA:12,52
DA:13,52
DA:14,52
DA:16,1
DA:17,16
DA:18,16
DA:19,16
DA:21,1
DA:22,5
DA:23,5
DA:24,5
DA:25,5
DA:27,1
DA:29,1
DA:31,1
DA:32,3
DA:33,3
DA:34,3
DA:35,3
DA:36,3
DA:37,3
DA:38,3
DA:39,3
DA:40,3
DA:41,3
DA:42,3
DA:43,3
DA:44,3
DA:45,3
DA:46,3
DA:48,1
DA:49,0
DA:50,0
DA:51,0
DA:52,0
DA:53,0
DA:54,0
DA:55,0
DA:56,0
DA:57,0
DA:59,1
DA:61,1
DA:62,100
DA:63,3
DA:64,0
DA:65,0
DA:66,0
DA:67,0
DA:68,0
DA:70,1
DA:72,1
DA:73,19
DA:74,19
DA:75,19
DA:76,19
DA:77,19
DA:78,19
DA:80,1
DA:81,80
DA:82,80
DA:83,80
DA:84,80
DA:85,80
DA:86,80
DA:88,1
DA:89,10
DA:90,10
DA:91,10
DA:92,10
DA:94,1
DA:95,0
DA:96,0
DA:97,0
DA:98,0
DA:99,0
DA:100,0
DA:101,0
DA:103,0
DA:105,1
DA:106,1
DA:107,1
DA:108,1
DA:109,1
DA:111,1
DA:112,1
DA:113,1
DA:114,1
DA:116,1
DA:117,1
DA:118,1
DA:119,1
DA:120,1
DA:121,1
DA:122,1
DA:123,1
DA:124,1
DA:125,1
DA:126,1
DA:127,1
DA:128,1
DA:129,1
DA:130,1
DA:131,1
DA:133,1
DA:134,0
DA:135,0
DA:136,0
DA:137,0
DA:138,0
DA:139,0
DA:140,0
DA:142,1
DA:143,0
DA:144,0
DA:145,0
DA:146,0
DA:147,0
DA:148,0
DA:149,0
DA:150,0
DA:151,0
DA:152,0
DA:153,0
DA:154,0
DA:155,0
DA:156,0
DA:157,0
DA:158,0
DA:159,0
DA:160,0
DA:161,0
DA:162,0
DA:163,0
DA:164,0
DA:166,0
DA:167,0
DA:168,0
DA:169,0
DA:170,0
DA:171,0
DA:172,0
DA:173,0
DA:174,0
DA:175,0
DA:176,0
DA:177,0
DA:178,0
DA:179,0
DA:180,0
DA:181,0
DA:182,0
DA:183,0
DA:184,0
DA:185,0
DA:186,0
DA:187,0
DA:188,0
DA:189,0
DA:190,0
DA:191,0
DA:192,0
DA:193,0
DA:195,1
DA:196,5
DA:197,5
DA:198,5
DA:199,5
DA:200,5
DA:202,5
DA:203,5
DA:204,5
DA:205,5
DA:206,5
DA:207,5
DA:208,5
DA:209,5
DA:210,5
DA:212,88
DA:213,88
DA:214,88
DA:215,88
DA:216,88
DA:217,88
DA:218,88
DA:219,88
DA:220,88
DA:221,88
DA:222,88
DA:223,88
DA:224,88
DA:225,88
DA:226,88
DA:227,88
DA:228,88
DA:229,88
DA:230,88
DA:231,88
DA:232,88
DA:233,88
DA:235,88
DA:236,11
DA:237,11
DA:238,11
DA:239,11
DA:240,11
DA:242,11
DA:243,11
DA:244,11
DA:245,11
DA:246,11
DA:247,5
DA:248,5
DA:249,11
DA:250,11
DA:252,11
DA:253,11
DA:254,0
DA:255,0
DA:256,0
DA:257,0
DA:258,0
DA:259,11
DA:260,11
DA:262,11
DA:263,11
DA:264,0
DA:265,0
DA:266,11
DA:267,11
DA:269,11
DA:270,11
DA:271,1
DA:272,1
DA:273,1
DA:274,1
DA:275,1
DA:276,1
DA:277,1
DA:278,1
DA:279,1
DA:280,1
DA:281,1
DA:282,1
DA:283,1
DA:284,1
DA:285,1
DA:286,1
DA:287,1
DA:288,1
DA:289,1
DA:290,11
DA:291,11
DA:293,11
DA:294,11
DA:295,0
DA:296,11
DA:297,11
DA:299,11
DA:300,11
DA:301,11
DA:302,11
DA:303,11
DA:304,11
DA:306,11
DA:307,11
DA:308,11
DA:309,11
DA:310,11
DA:311,11
DA:312,88
DA:314,88
DA:315,28
DA:316,17
DA:317,88
DA:319,88
DA:320,26
DA:321,22
DA:322,22
DA:323,22
DA:324,88
DA:326,88
DA:327,0
DA:328,0
DA:329,0
DA:330,0
DA:331,0
DA:332,0
DA:334,88
DA:335,11
DA:336,11
DA:337,11
DA:339,11
DA:340,11
DA:341,11
DA:342,0
DA:343,0
DA:344,11
DA:345,11
DA:347,11
DA:348,11
DA:349,11
DA:350,11
DA:351,11
DA:352,11
DA:353,11
DA:355,11
DA:356,11
DA:357,0
DA:358,11
DA:359,11
DA:361,11
DA:362,11
DA:363,0
DA:364,0
DA:365,0
DA:366,11
DA:367,11
DA:369,11
DA:370,11
DA:371,11
DA:372,11
DA:373,88
DA:375,88
DA:376,16
DA:377,16
DA:378,16
DA:379,16
DA:380,88
DA:382,88
DA:383,11
DA:384,0
DA:385,0
DA:386,0
DA:387,0
DA:388,0
DA:389,0
DA:390,0
DA:391,0
DA:392,0
DA:393,0
DA:394,0
DA:395,0
DA:396,0
DA:397,0
DA:398,0
DA:399,0
DA:400,0
DA:401,0
DA:402,0
DA:403,88
DA:405,88
DA:406,0
DA:407,0
DA:408,0
DA:409,0
DA:410,0
DA:411,0
DA:412,0
DA:413,0
DA:414,0
DA:415,0
DA:416,0
DA:418,88
DA:419,2
DA:420,2
DA:421,2
DA:422,2
DA:423,2
DA:424,2
DA:425,2
DA:427,88
DA:428,1
DA:429,1
DA:431,88
DA:432,1
DA:433,1
DA:435,88
DA:436,1
DA:437,1
DA:438,1
DA:440,88
DA:441,1
DA:442,1
DA:444,88
DA:445,1
DA:446,1
DA:448,88
DA:449,2
DA:450,2
DA:452,88
DA:453,3
DA:454,3
DA:455,3
DA:456,3
DA:457,3
DA:458,3
DA:460,88
DA:461,0
DA:462,0
DA:464,88
DA:465,8
DA:466,8
DA:467,8
DA:468,8
DA:469,8
DA:471,88
DA:473,88
DA:474,35
DA:475,88
DA:477,88
DA:478,16
DA:479,11
DA:480,11
DA:481,11
DA:482,11
DA:483,5
DA:484,5
DA:485,5
DA:486,3
DA:487,3
DA:488,5
DA:489,5
DA:490,88
DA:492,88
DA:493,26
DA:494,4
DA:495,4
DA:496,8
DA:497,8
DA:498,8
DA:499,8
DA:500,8
DA:501,8
DA:502,8
DA:503,8
DA:504,8
DA:505,8
DA:506,8
DA:507,8
DA:508,8
DA:509,4
DA:510,88
DA:511,88
DA:512,16
DA:513,16
DA:514,16
DA:515,88
DA:516,88
DA:517,16
DA:518,16
DA:519,16
DA:520,88
DA:521,88
DA:522,16
DA:523,16
DA:524,88
DA:525,88
DA:526,16
DA:527,1
DA:528,88
DA:529,88
DA:530,16
DA:531,1
DA:532,88
DA:533,88
DA:534,16
DA:535,16
DA:536,88
DA:537,88
DA:538,16
DA:539,16
DA:540,88
DA:541,88
DA:542,12
DA:543,12
DA:544,12
DA:545,0
DA:546,0
DA:547,0
DA:548,12
DA:549,0
DA:550,0
DA:551,1
DA:552,88
DA:553,88
DA:554,12
DA:555,0
DA:556,0
DA:557,12
DA:558,88
DA:559,88
DA:560,12
DA:561,12
DA:562,0
DA:563,0
DA:564,1
DA:565,88
DA:566,88
DA:567,12
DA:568,12
DA:569,12
DA:570,12
DA:571,88
DA:572,88
DA:573,12
DA:574,0
DA:575,12
DA:576,88
DA:578,88
DA:579,1
DA:580,1
DA:581,1
DA:582,1
DA:583,1
DA:584,1
DA:585,1
DA:586,1
DA:587,1
DA:588,88
DA:589,16
DA:590,16
DA:591,16
DA:592,16
DA:593,16
DA:594,16
DA:595,16
DA:596,0
DA:597,5
DA:598,1
DA:599,4
DA:600,16
DA:601,16
DA:602,16
DA:603,16
DA:604,0
DA:605,5
DA:606,0
DA:607,5
DA:608,16
DA:609,16
DA:610,16
DA:611,16
DA:612,16
DA:613,16
DA:614,16
DA:615,16
DA:616,16
DA:617,16
DA:618,16
DA:619,16
DA:620,16
DA:621,16
DA:622,16
DA:623,16
DA:624,0
DA:625,5
DA:626,16
DA:627,0
DA:628,5
DA:629,0
DA:630,5
DA:631,16
DA:632,16
DA:633,16
DA:634,16
DA:635,16
DA:636,16
DA:637,16
DA:638,16
DA:639,16
DA:640,16
DA:641,16
DA:642,16
DA:643,16
DA:644,16
DA:645,16
DA:646,16
DA:647,16
DA:648,16
DA:649,16
DA:650,16
DA:651,16
DA:652,88
DA:654,88
DA:655,88
DA:656,88
DA:657,88
DA:658,88
DA:659,88
DA:660,88
DA:662,88
DA:663,88
DA:664,88
DA:665,88
DA:666,88
DA:667,88
DA:668,88
DA:669,88
DA:671,88
DA:672,88
DA:673,88
DA:674,88
DA:675,88
DA:676,88
DA:677,88
DA:678,88
DA:680,88
DA:681,88
DA:682,88
DA:683,88
DA:684,88
DA:685,88
DA:687,88
DA:688,79
DA:689,79
DA:690,79
DA:691,79
DA:692,79
DA:694,79
DA:695,79
DA:696,79
DA:697,79
DA:698,79
DA:699,79
DA:700,79
DA:701,79
DA:702,79
DA:703,79
DA:704,79
DA:705,79
DA:706,79
DA:707,79
DA:708,79
DA:709,79
DA:710,79
DA:711,79
DA:712,29
DA:713,29
DA:714,29
DA:715,29
DA:716,29
DA:718,79
DA:719,52
DA:720,52
DA:721,52
DA:722,52
DA:723,52
DA:724,0
DA:725,0
DA:726,0
DA:728,52
DA:729,52
DA:730,52
DA:731,52
DA:732,52
DA:733,52
DA:734,52
DA:735,52
DA:736,52
DA:737,52
DA:738,79
DA:739,79
DA:740,79
DA:741,79
DA:742,79
DA:744,79
DA:745,79
DA:746,79
DA:747,79
DA:748,79
DA:749,79
DA:750,79
DA:752,79
DA:753,79
DA:754,79
DA:755,50
DA:756,50
DA:757,50
DA:758,50
DA:759,50
DA:760,50
DA:761,50
DA:763,50
DA:764,50
DA:765,50
DA:766,50
DA:767,50
DA:768,50
DA:769,50
DA:770,50
DA:771,50
DA:772,50
DA:773,50
DA:774,50
DA:775,50
DA:777,50
DA:778,50
DA:779,50
DA:780,50
DA:781,50
DA:782,50
DA:783,50
DA:784,50
DA:785,50
DA:786,50
DA:787,50
DA:788,50
DA:789,50
DA:790,50
DA:791,50
DA:792,50
DA:793,50
DA:794,50
DA:795,50
DA:796,50
DA:797,50
DA:798,50
DA:799,50
DA:800,38
DA:801,38
DA:802,38
DA:803,38
DA:804,38
DA:805,38
DA:806,0
DA:807,0
DA:808,0
DA:809,0
DA:810,38
DA:811,38
DA:812,38
DA:813,38
DA:814,38
DA:815,38
DA:816,38
DA:817,38
DA:818,50
DA:819,50
DA:820,50
DA:821,50
DA:822,0
DA:823,0
DA:824,0
DA:825,0
DA:827,50
DA:829,50
DA:830,50
DA:831,50
DA:832,50
DA:833,50
DA:834,50
DA:836,50
DA:837,50
DA:838,50
DA:839,50
DA:840,50
DA:841,50
DA:842,50
DA:843,50
DA:844,50
DA:845,50
DA:846,50
DA:847,50
DA:848,50
DA:849,50
DA:850,50
DA:851,50
DA:852,50
DA:853,50
DA:854,50
DA:855,47
DA:857,50
DA:858,3
DA:859,3
DA:860,3
DA:861,3
DA:862,50
DA:863,50
DA:864,50
DA:865,50
DA:867,50
DA:868,50
DA:869,3
DA:870,3
DA:871,3
DA:872,3
DA:873,3
DA:875,3
DA:876,3
DA:877,3
DA:878,3
DA:879,3
DA:880,3
DA:881,3
DA:882,3
DA:883,3
DA:884,3
DA:885,3
DA:886,3
DA:887,3
DA:888,3
DA:889,3
DA:890,0
DA:891,0
DA:892,0
DA:893,0
DA:894,0
DA:895,0
DA:897,0
DA:899,3
DA:900,3
DA:901,3
DA:902,3
DA:903,3
DA:904,3
DA:906,3
DA:907,3
DA:908,3
DA:909,3
DA:910,3
DA:911,0
DA:912,0
DA:913,0
DA:915,3
DA:917,3
DA:918,3
DA:920,3
DA:922,50
DA:923,50
DA:924,50
DA:925,50
DA:926,50
DA:928,50
DA:929,50
DA:930,50
DA:931,50
DA:932,50
DA:933,50
DA:934,50
DA:935,50
DA:936,50
DA:937,50
DA:938,50
DA:939,50
DA:940,50
DA:941,50
DA:942,50
DA:943,50
DA:944,50
DA:945,50
DA:946,50
DA:947,50
DA:948,50
DA:949,50
DA:950,50
DA:951,50
DA:952,50
DA:953,0
DA:954,50
DA:955,50
DA:956,50
DA:957,50
DA:958,50
DA:959,50
DA:960,50
DA:961,50
DA:962,50
DA:963,0
DA:964,50
DA:965,50
DA:966,50
DA:967,50
DA:968,50
DA:969,50
DA:970,50
DA:971,50
DA:972,50
DA:973,50
DA:974,50
DA:975,50
DA:976,50
DA:977,50
DA:978,50
DA:979,50
DA:980,50
DA:981,50
DA:982,50
DA:983,50
DA:984,50
DA:985,50
DA:986,50
DA:987,50
DA:988,50
DA:989,50
DA:990,50
DA:991,50
DA:992,50
DA:993,50
DA:994,50
DA:995,50
DA:996,50
DA:997,50
DA:998,50
DA:999,50
DA:1000,50
DA:1001,50
DA:1002,50
DA:1003,50
DA:1004,50
DA:1005,50
DA:1006,50
DA:1007,50
DA:1008,50
DA:1010,50
DA:1012,50
DA:1013,50
DA:1015,79
DA:1016,79
DA:1017,79
DA:1018,79
DA:1019,79
DA:1020,79
DA:1021,79
DA:1022,79
DA:1023,79
DA:1024,79
DA:1025,79
DA:1026,79
DA:1027,79
DA:1028,79
DA:1029,79
DA:1030,79
DA:1032,79
DA:1033,79
DA:1034,79
DA:1035,79
DA:1036,79
DA:1037,79
DA:1038,79
DA:1039,79
DA:1041,79
DA:1042,79
DA:1043,79
DA:1044,79
DA:1045,79
DA:1046,79
DA:1047,79
DA:1048,79
DA:1050,79
DA:1051,79
DA:1052,79
DA:1053,79
DA:1054,79
DA:1057,88
DA:1058,0
DA:1059,0
DA:1060,0
DA:1061,0
DA:1062,0
DA:1063,0
DA:1064,0
DA:1065,0
DA:1066,0
DA:1067,0
DA:1068,0
DA:1069,0
DA:1070,0
DA:1071,0
DA:1073,0
DA:1074,0
DA:1075,0
DA:1076,0
DA:1077,0
DA:1078,0
DA:1080,0
DA:1081,0
DA:1084,0
DA:1085,0
DA:1086,0
DA:1087,0
DA:1088,0
DA:1089,0
DA:1090,0
DA:1091,0
DA:1093,0
DA:1094,0
DA:1095,0
DA:1098,0
DA:1099,0
DA:1100,0
DA:1101,0
DA:1102,0
DA:1104,0
DA:1105,0
DA:1106,0
DA:1109,88
DA:1110,9
DA:1111,9
DA:1112,9
DA:1113,9
DA:1114,9
DA:1115,9
DA:1117,9
DA:1118,9
DA:1119,9
DA:1120,9
DA:1121,9
DA:1122,9
DA:1123,9
DA:1125,9
DA:1126,9
DA:1127,9
DA:1128,9
DA:1129,9
DA:1130,9
DA:1131,9
DA:1132,9
DA:1134,9
DA:1135,9
DA:1136,9
DA:1137,9
DA:1138,9
DA:1139,9
DA:1140,9
DA:1141,6
DA:1142,6
DA:1143,6
DA:1144,6
DA:1145,6
DA:1146,6
DA:1147,6
DA:1148,0
DA:1149,0
DA:1150,0
DA:1151,0
DA:1153,6
DA:1154,6
DA:1155,6
DA:1156,6
DA:1157,6
DA:1158,6
DA:1159,0
DA:1160,0
DA:1161,0
DA:1162,0
DA:1164,6
DA:1166,6
DA:1167,6
DA:1168,6
DA:1169,6
DA:1170,6
DA:1171,6
DA:1172,6
DA:1174,6
DA:1175,6
DA:1176,6
DA:1177,6
DA:1178,6
DA:1179,6
DA:1180,6
DA:1181,6
DA:1182,6
DA:1183,6
DA:1184,6
DA:1185,6
DA:1186,0
DA:1187,0
DA:1188,0
DA:1189,0
DA:1190,0
DA:1191,0
DA:1193,6
DA:1194,60
DA:1195,60
DA:1196,60
DA:1197,6
DA:1198,6
DA:1199,6
DA:1200,6
DA:1201,6
DA:1202,6
DA:1203,6
DA:1204,6
DA:1205,6
DA:1206,0
DA:1207,0
DA:1208,0
DA:1209,0
DA:1210,0
DA:1211,0
DA:1212,6
DA:1213,6
DA:1214,6
DA:1215,6
DA:1216,6
DA:1217,6
DA:1218,6
DA:1219,6
DA:1220,6
DA:1221,0
DA:1222,0
DA:1223,0
DA:1224,0
DA:1225,0
DA:1226,0
DA:1227,6
DA:1228,6
DA:1229,6
DA:1230,6
DA:1231,6
DA:1232,6
DA:1233,6
DA:1234,6
DA:1235,6
DA:1236,6
DA:1237,6
DA:1238,6
DA:1239,6
DA:1240,0
DA:1241,0
DA:1242,0
DA:1243,0
DA:1244,0
DA:1245,0
DA:1246,0
DA:1249,6
DA:1250,6
DA:1251,6
DA:1252,6
DA:1253,6
DA:1254,1
DA:1255,1
DA:1256,1
DA:1257,1
DA:1258,1
DA:1259,1
DA:1260,1
DA:1261,0
DA:1262,0
DA:1263,0
DA:1264,0
DA:1265,0
DA:1266,0
DA:1267,0
DA:1268,1
DA:1269,1
DA:1270,1
DA:1271,1
DA:1272,1
DA:1273,1
DA:1274,1
DA:1275,0
DA:1276,0
DA:1277,0
DA:1278,0
DA:1279,0
DA:1280,0
DA:1281,0
DA:1282,1
DA:1283,1
DA:1284,1
DA:1285,1
DA:1286,1
DA:1287,1
DA:1288,1
DA:1289,0
DA:1290,0
DA:1291,0
DA:1292,0
DA:1293,0
DA:1294,0
DA:1296,1
DA:1297,1
DA:1298,1
DA:1299,6
DA:1300,6
DA:1301,6
DA:1302,6
DA:1303,6
DA:1304,6
DA:1305,6
DA:1306,6
DA:1307,6
DA:1308,6
DA:1309,6
DA:1310,2
DA:1311,2
DA:1312,2
DA:1313,2
DA:1314,2
DA:1315,2
DA:1316,2
DA:1317,2
DA:1318,2
DA:1319,2
DA:1320,2
DA:1322,6
DA:1323,6
DA:1324,6
DA:1325,6
DA:1326,6
DA:1327,6
DA:1328,6
DA:1329,6
DA:1330,6
DA:1331,1
DA:1332,1
DA:1333,1
DA:1334,1
DA:1335,1
DA:1336,1
DA:1337,1
DA:1338,0
DA:1339,0
DA:1340,0
DA:1341,0
DA:1342,0
DA:1343,0
DA:1344,1
DA:1345,1
DA:1347,6
DA:1348,6
DA:1349,2
DA:1350,2
DA:1351,2
DA:1352,2
DA:1353,2
DA:1354,2
DA:1355,2
DA:1356,2
DA:1357,2
DA:1358,1
DA:1359,1
DA:1360,1
DA:1361,1
DA:1362,1
DA:1363,1
DA:1364,1
DA:1367,2
DA:1368,2
DA:1369,2
DA:1370,2
DA:1371,2
DA:1372,1
DA:1373,1
DA:1374,1
DA:1375,1
DA:1376,1
DA:1377,1
DA:1378,1
DA:1379,0
DA:1380,0
DA:1381,0
DA:1382,0
DA:1383,0
DA:1384,0
DA:1385,0
DA:1386,1
DA:1387,1
DA:1388,1
DA:1389,1
DA:1390,1
DA:1391,1
DA:1392,1
DA:1393,0
DA:1394,0
DA:1395,0
DA:1396,0
DA:1397,0
DA:1398,0
DA:1399,0
DA:1400,1
DA:1401,1
DA:1402,1
DA:1403,1
DA:1404,1
DA:1405,1
DA:1406,1
DA:1407,0
DA:1408,0
DA:1409,0
DA:1410,0
DA:1411,0
DA:1412,0
DA:1414,1
DA:1415,1
DA:1416,1
DA:1417,2
DA:1418,2
DA:1420,6
DA:1421,6
DA:1422,9
DA:1423,9
DA:1424,9
DA:1425,9
DA:1427,88
DA:1429,88
DA:1431,1
LF:1307
LH:1017
BRDA:9,0,0,52
BRDA:10,1,0,0
BRDA:11,2,0,0
BRDA:12,3,0,0
BRDA:16,4,0,16
BRDA:21,5,0,5
BRDA:22,6,0,0
BRDA:23,7,0,0
BRDA:27,8,0,105
BRDA:31,9,0,3
BRDA:59,10,0,12
BRDA:59,11,0,0
BRDA:61,12,0,100
BRDA:62,13,0,3
BRDA:62,14,0,97
BRDA:62,15,0,3
BRDA:63,16,0,0
BRDA:70,17,0,50
BRDA:70,18,0,0
BRDA:72,19,0,19
BRDA:73,20,0,0
BRDA:76,21,0,0
BRDA:80,22,0,80
BRDA:81,23,0,0
BRDA:84,24,0,0
BRDA:85,25,0,2
BRDA:85,26,0,78
BRDA:82,27,0,20
BRDA:88,28,0,10
BRDA:91,29,0,0
BRDA:105,30,0,15
BRDA:106,31,0,1
BRDA:111,32,0,1
BRDA:195,33,0,5
BRDA:203,34,0,0
BRDA:204,35,0,0
BRDA:205,36,0,0
BRDA:206,37,0,0
BRDA:207,38,0,0
BRDA:208,39,0,0
BRDA:212,40,0,88
BRDA:659,41,0,79
BRDA:659,42,0,9
BRDA:668,43,0,0
BRDA:677,44,0,9
BRDA:677,45,0,79
BRDA:687,46,0,79
BRDA:690,47,0,0
BRDA:711,48,0,29
BRDA:714,49,0,0
BRDA:753,50,0,29
BRDA:754,51,0,50
BRDA:764,52,0,0
BRDA:798,53,0,12
BRDA:821,54,0,0
BRDA:821,55,0,0
BRDA:837,56,0,0
BRDA:842,57,0,0
BRDA:849,58,0,0
BRDA:854,59,0,47
BRDA:868,60,0,3
BRDA:868,61,0,3
BRDA:876,62,0,0
BRDA:889,63,0,0
BRDA:910,64,0,0
BRDA:929,65,0,0
BRDA:952,66,0,0
BRDA:955,67,0,0
BRDA:962,68,0,0
BRDA:965,69,0,3
BRDA:965,70,0,47
BRDA:1057,71,0,0
BRDA:1109,72,0,9
BRDA:1139,73,0,3
BRDA:235,74,0,11
BRDA:243,75,0,11
BRDA:244,76,0,0
BRDA:246,77,0,5
BRDA:270,78,0,1
BRDA:271,79,0,0
BRDA:272,80,0,0
BRDA:272,81,0,1
BRDA:274,82,0,0
BRDA:274,83,0,0
BRDA:276,84,0,1
BRDA:280,85,0,0
BRDA:280,86,0,0
BRDA:282,87,0,0
BRDA:283,88,0,0
BRDA:284,89,0,0
BRDA:300,90,0,11
BRDA:301,91,0,0
BRDA:306,92,0,11
BRDA:314,93,0,28
BRDA:315,94,0,11
BRDA:315,95,0,17
BRDA:319,96,0,26
BRDA:320,97,0,4
BRDA:320,98,0,22
BRDA:322,99,0,0
BRDA:322,100,0,22
BRDA:334,101,0,11
BRDA:340,102,0,11
BRDA:341,103,0,0
BRDA:348,104,0,11
BRDA:369,105,0,11
BRDA:375,106,0,16
BRDA:382,107,0,11
BRDA:383,108,0,0
BRDA:418,109,0,2
BRDA:419,110,0,0
BRDA:427,111,0,1
BRDA:431,112,0,1
BRDA:435,113,0,1
BRDA:440,114,0,1
BRDA:444,115,0,1
BRDA:448,116,0,2
BRDA:449,117,0,2
BRDA:452,118,0,3
BRDA:453,119,0,3
BRDA:464,120,0,8
BRDA:471,121,0,22
BRDA:471,122,0,6
BRDA:473,123,0,35
BRDA:474,124,0,11
BRDA:477,125,0,16
BRDA:478,126,0,11
BRDA:482,127,0,5
BRDA:485,128,0,3
BRDA:487,129,0,0
BRDA:487,130,0,0
BRDA:492,131,0,26
BRDA:493,132,0,22
BRDA:493,133,0,4
BRDA:495,134,0,8
BRDA:501,135,0,0
BRDA:511,136,0,16
BRDA:512,137,0,11
BRDA:512,138,0,5
BRDA:513,139,0,0
BRDA:516,140,0,16
BRDA:517,141,0,11
BRDA:517,142,0,5
BRDA:518,143,0,0
BRDA:519,144,0,0
BRDA:521,145,0,16
BRDA:522,146,0,11
BRDA:522,147,0,5
BRDA:523,148,0,0
BRDA:525,149,0,16
BRDA:526,150,0,5
BRDA:526,151,0,15
BRDA:526,152,0,1
BRDA:529,153,0,16
BRDA:530,154,0,5
BRDA:530,155,0,15
BRDA:530,156,0,1
BRDA:533,157,0,16
BRDA:534,158,0,11
BRDA:534,159,0,5
BRDA:535,160,0,4
BRDA:537,161,0,16
BRDA:538,162,0,11
BRDA:538,163,0,5
BRDA:539,164,0,5
BRDA:541,165,0,12
BRDA:542,166,0,11
BRDA:542,167,0,1
BRDA:543,168,0,0
BRDA:543,169,0,1
BRDA:544,170,0,0
BRDA:547,171,0,1
BRDA:548,172,0,0
BRDA:550,173,0,1
BRDA:553,174,0,12
BRDA:554,175,0,0
BRDA:554,176,0,0
BRDA:559,177,0,12
BRDA:560,178,0,11
BRDA:560,179,0,1
BRDA:561,180,0,0
BRDA:561,181,0,0
BRDA:563,182,0,1
BRDA:566,183,0,12
BRDA:567,184,0,0
BRDA:568,185,0,0
BRDA:569,186,0,0
BRDA:572,187,0,12
BRDA:573,188,0,0
BRDA:578,189,0,1
BRDA:579,190,0,0
BRDA:581,191,0,0
BRDA:582,192,0,0
BRDA:582,193,0,0
BRDA:588,194,0,16
BRDA:589,195,0,11
BRDA:589,196,0,5
BRDA:590,197,0,0
BRDA:591,198,0,0
BRDA:595,199,0,0
BRDA:596,200,0,5
BRDA:597,201,0,1
BRDA:598,202,0,4
BRDA:601,203,0,0
BRDA:601,204,0,5
BRDA:603,205,0,0
BRDA:604,206,0,5
BRDA:605,207,0,0
BRDA:609,208,0,0
BRDA:609,209,0,5
BRDA:611,210,0,0
BRDA:611,211,0,0
BRDA:611,212,0,5
BRDA:613,213,0,1
BRDA:613,214,0,1
BRDA:613,215,0,4
BRDA:615,216,0,0
BRDA:615,217,0,0
BRDA:615,218,0,5
BRDA:615,219,0,0
BRDA:617,220,0,1
BRDA:617,221,0,1
BRDA:617,222,0,4
BRDA:617,223,0,0
BRDA:618,224,0,5
BRDA:619,225,0,5
BRDA:622,226,0,0
BRDA:622,227,0,0
BRDA:622,228,0,5
BRDA:623,229,0,0
BRDA:624,230,0,5
BRDA:626,231,0,0
BRDA:627,232,0,5
BRDA:628,233,0,1
BRDA:628,234,0,0
BRDA:628,235,0,0
BRDA:632,236,0,0
BRDA:632,237,0,5
BRDA:637,238,0,5
BRDA:641,239,0,5
BRDA:645,240,0,5
BRDA:646,241,0,5
BRDA:647,242,0,5
BRDA:648,243,0,5
BRDA:649,244,0,5
BRDA:650,245,0,4
BRDA:678,246,0,3
BRDA:718,247,0,52
BRDA:721,248,0,46
BRDA:721,249,0,6
BRDA:732,250,0,0
BRDA:722,251,0,2
BRDA:792,252,0,26
BRDA:799,253,0,38
BRDA:815,254,0,8
BRDA:857,255,0,3
BRDA:1022,256,0,4
BRDA:1140,257,0,6
BRDA:1184,258,0,5
BRDA:1252,259,0,5
BRDA:1330,260,0,1
BRDA:1348,261,0,2
BRDA:1370,262,0,1
BRDA:1193,263,0,60
BRDA:1253,264,0,1
BRDA:1309,265,0,2
BRDA:1311,266,0,2
BRDA:1316,267,0,1
BRDA:1316,268,0,1
BRDA:1317,269,0,1
BRDA:1317,270,0,1
BRDA:1357,271,0,1
BRDA:1358,272,0,1
BRDA:1371,273,0,1
BRF:274
BRH:180
end_of_record
